{
  "RSpec": {
    "coverage": {
      "/home/derek/rails_projects/NEW/makeandbake/app/models/user.rb": [
        1,
        1,
        1,
        null,
        1,
        1,
        null,
        null,
        1,
        1,
        1,
        null,
        null,
        null,
        1,
        null,
        null,
        1,
        1,
        1,
        1,
        null,
        null,
        null,
        null,
        1,
        null,
        null,
        0,
        null,
        null,
        null,
        null,
        null,
        0,
        null,
        null,
        0,
        null,
        null,
        null,
        null,
        null,
        null,
        0,
        0,
        null,
        null,
        0,
        0,
        null,
        null,
        null,
        null,
        null,
        null,
        null,
        null,
        null,
        null,
        null,
        null,
        0,
        null,
        null,
        null,
        null,
        0,
        0,
        0,
        null,
        0,
        null,
        null,
        1,
        0,
        null,
        null
      ],
      "/home/derek/rails_projects/NEW/makeandbake/app/uploaders/image_uploader.rb": [
        null,
        null,
        1,
        null,
        null,
        null,
        1,
        null,
        null,
        1,
        0,
        null,
        1,
        null,
        null,
        null,
        null,
        null,
        1,
        72,
        null,
        null,
        null,
        null,
        null,
        null,
        null,
        null,
        null,
        null,
        null,
        null,
        null,
        null,
        null,
        null,
        null,
        null,
        1,
        1,
        null,
        null,
        1,
        1,
        null,
        null,
        null,
        null,
        null,
        null,
        null,
        null,
        null,
        null,
        null,
        null,
        null,
        null,
        null
      ],
      "/home/derek/rails_projects/NEW/makeandbake/app/helpers/application_helper.rb": [
        1,
        null
      ],
      "/home/derek/rails_projects/NEW/makeandbake/app/helpers/ominauth_callbacks_helper.rb": [
        1,
        null
      ],
      "/home/derek/rails_projects/NEW/makeandbake/app/helpers/orders_helper.rb": [
        1,
        null
      ],
      "/home/derek/rails_projects/NEW/makeandbake/app/helpers/products_helper.rb": [
        1,
        null
      ],
      "/home/derek/rails_projects/NEW/makeandbake/app/helpers/registrations_helper.rb": [
        1,
        null
      ],
      "/home/derek/rails_projects/NEW/makeandbake/app/helpers/searches_helper.rb": [
        1,
        null
      ],
      "/home/derek/rails_projects/NEW/makeandbake/app/helpers/shopless_products_helper.rb": [
        1,
        null
      ],
      "/home/derek/rails_projects/NEW/makeandbake/app/helpers/shops_helper.rb": [
        1,
        null
      ],
      "/home/derek/rails_projects/NEW/makeandbake/app/helpers/tags_helper.rb": [
        1,
        null
      ],
      "/home/derek/rails_projects/NEW/makeandbake/app/helpers/template_indexes_helper.rb": [
        1,
        null
      ],
      "/home/derek/rails_projects/NEW/makeandbake/app/models/shop.rb": [
        1,
        1,
        1,
        1,
        null,
        1,
        null
      ],
      "/home/derek/rails_projects/NEW/makeandbake/app/uploaders/shop_image_uploader.rb": [
        null,
        null,
        1,
        null,
        null,
        null,
        1,
        null,
        null,
        1,
        0,
        null,
        1,
        null,
        null,
        null,
        null,
        1,
        57,
        null,
        null,
        null,
        null,
        null,
        null,
        null,
        null,
        null,
        null,
        null,
        null,
        null,
        null,
        null,
        null,
        null,
        null,
        1,
        1,
        null,
        null,
        1,
        1,
        null,
        null,
        null,
        null,
        null,
        null,
        null,
        null,
        null,
        null,
        null,
        null,
        null,
        null,
        null
      ],
      "/home/derek/rails_projects/NEW/makeandbake/app/models/product.rb": [
        1,
        1,
        1,
        1,
        1,
        null,
        1,
        1,
        1,
        1,
        null,
        1,
        1,
        null,
        1,
        0,
        null,
        0,
        0,
        null,
        null,
        null,
        null,
        1,
        0,
        null,
        0,
        null,
        0,
        null,
        null,
        null
      ],
      "/home/derek/rails_projects/NEW/makeandbake/app/uploaders/attachment_uploader.rb": [
        null,
        null,
        1,
        null,
        null,
        null,
        1,
        null,
        null,
        1,
        0,
        null,
        1,
        null,
        null,
        null,
        null,
        1,
        80,
        null,
        null,
        null,
        null,
        null,
        null,
        null,
        null,
        null,
        null,
        null,
        null,
        null,
        null,
        null,
        null,
        null,
        null,
        1,
        1,
        null,
        null,
        1,
        1,
        null,
        null,
        1,
        1,
        null,
        null,
        null,
        null,
        null,
        null,
        1,
        160,
        null,
        null,
        null,
        null,
        null,
        null,
        null,
        null,
        null
      ],
      "/home/derek/rails_projects/NEW/makeandbake/app/models/tag.rb": [
        1,
        1,
        1,
        1,
        null
      ],
      "/home/derek/rails_projects/NEW/makeandbake/app/controllers/products_controller.rb": [
        0,
        0,
        0,
        0,
        0,
        0,
        0,
        0,
        0,
        0,
        0,
        0,
        0,
        0,
        0,
        0,
        0,
        0,
        0,
        0,
        0,
        0,
        0,
        0,
        0,
        0,
        0,
        0,
        0,
        0,
        0,
        0,
        0,
        0,
        0,
        0,
        0,
        0,
        0,
        0,
        0,
        0,
        0,
        0,
        0,
        0,
        0,
        0,
        0,
        0,
        0,
        0,
        0,
        0,
        0,
        0,
        0,
        0,
        0,
        0,
        0,
        0,
        0,
        0,
        0,
        0,
        0,
        0,
        0,
        0,
        0,
        0,
        0,
        0,
        0,
        0,
        0,
        0,
        0,
        0,
        0,
        0,
        0,
        0,
        0,
        0,
        0,
        0,
        0,
        0,
        0,
        0,
        0,
        0,
        0,
        0,
        0,
        0,
        0,
        0,
        0,
        0,
        0,
        0
      ],
      "/home/derek/rails_projects/NEW/makeandbake/app/controllers/omniauth_callbacks_controller.rb": [
        0,
        0,
        0,
        0,
        0,
        0,
        0,
        0,
        0,
        0,
        0,
        0,
        0,
        0,
        0,
        0,
        0,
        0,
        0,
        0,
        0,
        0,
        0,
        0,
        0,
        0,
        0,
        0,
        0,
        0,
        0,
        0
      ],
      "/home/derek/rails_projects/NEW/makeandbake/app/controllers/shops_controller.rb": [
        0,
        0,
        0,
        0,
        0,
        0,
        0,
        0,
        0,
        0,
        0,
        0,
        0,
        0,
        0,
        0,
        0,
        0,
        0,
        0,
        0,
        0,
        0,
        0,
        0,
        0,
        0,
        0,
        0,
        0,
        0,
        0,
        0,
        0,
        0,
        0,
        0,
        0,
        0,
        0,
        0,
        0,
        0,
        0,
        0,
        0,
        0,
        0,
        0,
        0,
        0,
        0,
        0,
        0,
        0,
        0,
        0,
        0,
        0,
        0,
        0,
        0,
        0,
        0,
        0,
        0,
        0
      ],
      "/home/derek/rails_projects/NEW/makeandbake/app/controllers/searches_controller.rb": [
        0,
        0,
        0,
        0,
        0,
        0,
        0,
        0,
        0,
        0,
        0,
        0,
        0,
        0,
        0,
        0,
        0,
        0,
        0,
        0,
        0,
        0,
        0,
        0,
        0,
        0,
        0
      ],
      "/home/derek/rails_projects/NEW/makeandbake/app/controllers/tags_controller.rb": [
        0,
        0,
        0,
        0,
        0,
        0,
        0,
        0
      ],
      "/home/derek/rails_projects/NEW/makeandbake/app/controllers/application_controller.rb": [
        0,
        0,
        0,
        0,
        0,
        0,
        0,
        0,
        0,
        0,
        0,
        0,
        0,
        0,
        0,
        0,
        0,
        0
      ],
      "/home/derek/rails_projects/NEW/makeandbake/app/controllers/users_controller.rb": [
        0,
        0,
        0,
        0,
        0,
        0,
        0,
        0,
        0,
        0,
        0,
        0,
        0,
        0,
        0,
        0
      ],
      "/home/derek/rails_projects/NEW/makeandbake/app/controllers/registrations_controller.rb": [
        0,
        0,
        0,
        0,
        0,
        0,
        0,
        0,
        0,
        0,
        0,
        0,
        0,
        0,
        0,
        0,
        0,
        0,
        0,
        0
      ],
      "/home/derek/rails_projects/NEW/makeandbake/app/controllers/shopless_products_controller.rb": [
        0,
        0,
        0,
        0,
        0,
        0,
        0,
        0,
        0,
        0,
        0,
        0,
        0,
        0,
        0,
        0,
        0,
        0,
        0,
        0,
        0,
        0,
        0,
        0,
        0,
        0,
        0,
        0,
        0,
        0,
        0,
        0,
        0,
        0,
        0,
        0,
        0,
        0,
        0,
        0,
        0,
        0,
        0,
        0,
        0,
        0,
        0,
        0,
        0,
        0,
        0,
        0,
        0,
        0,
        0,
        0,
        0,
        0,
        0,
        0,
        0,
        0,
        0,
        0,
        0,
        0,
        0,
        0,
        0,
        0,
        0
      ],
      "/home/derek/rails_projects/NEW/makeandbake/app/controllers/orders_controller.rb": [
        0,
        0,
        0,
        0,
        0,
        0,
        0,
        0,
        0,
        0,
        0,
        0,
        0,
        0,
        0,
        0,
        0,
        0,
        0,
        0,
        0,
        0,
        0,
        0,
        0,
        0,
        0,
        0,
        0,
        0,
        0,
        0,
        0,
        0,
        0,
        0,
        0,
        0,
        0,
        0,
        0,
        0,
        0,
        0,
        0,
        0,
        0,
        0,
        0,
        0,
        0,
        0,
        0,
        0,
        0,
        0,
        0,
        0,
        0,
        0
      ],
      "/home/derek/rails_projects/NEW/makeandbake/app/models/order.rb": [
        0,
        0,
        0,
        0,
        0,
        0,
        0,
        0,
        0
      ],
      "/home/derek/rails_projects/NEW/makeandbake/app/models/identity.rb": [
        0,
        0,
        0,
        0,
        0,
        0,
        0,
        0,
        0,
        0
      ],
      "/home/derek/rails_projects/NEW/makeandbake/app/models/search.rb": [
        0,
        0,
        0,
        0,
        0,
        0,
        0,
        0,
        0,
        0,
        0,
        0,
        0,
        0,
        0,
        0,
        0,
        0
      ]
    },
    "timestamp": 1483973859
  }
}
